<?xml version="1.0" encoding="UTF-8"?>
<!-- Generated by org.testng.reporters.JUnitXMLReporter -->
<testsuite ignored="0" hostname="LAPTOP-8IPU5TVH" failures="0" tests="2" name="Error Validation Test" time="15.708" errors="0" timestamp="2023-11-30T00:19:48 IST">
  <testcase classname="tonystarkindustries.tests.ErrorValidationsTest" name="LoginErrorValidation" time="1.727"/>
  <testcase classname="tonystarkindustries.tests.ErrorValidationsTest" name="ProductErrorValidation" time="4.529"/>
</testsuite> <!-- Error Validation Test -->
