<?xml version="1.0" encoding="UTF-8"?>
<!-- Generated by org.testng.reporters.JUnitXMLReporter -->
<testsuite ignored="1" hostname="LAPTOP-8IPU5TVH" failures="0" tests="1" name="Error Validation Test" time="4.375" errors="0" timestamp="2023-12-02T16:51:26 IST">
  <testcase classname="tonystarkindustries.tests.ErrorValidationsTest" name="LoginErrorValidation" time="0.537"/>
  <testcase classname="tonystarkindustries.tests.ErrorValidationsTest" name="ProductErrorValidation" time="0.0">
    <ignored/>
  </testcase> <!-- ProductErrorValidation -->
</testsuite> <!-- Error Validation Test -->
