<?xml version="1.0" encoding="UTF-8"?>
<!-- Generated by org.testng.reporters.JUnitXMLReporter -->
<testsuite ignored="0" hostname="LAPTOP-8IPU5TVH" failures="0" tests="2" name="Error Validation Test" time="10.683" errors="0" timestamp="2023-11-29T19:32:39 IST">
  <testcase classname="tonystarkindustries.tests.ErrorValidationsTest" name="LoginErrorValidation" time="0.946"/>
  <testcase classname="tonystarkindustries.tests.ErrorValidationsTest" name="ProductErrorValidation" time="4.04"/>
</testsuite> <!-- Error Validation Test -->
