<?xml version="1.0" encoding="UTF-8"?>
<!-- Generated by org.testng.reporters.JUnitXMLReporter -->
<testsuite ignored="0" hostname="LAPTOP-8IPU5TVH" failures="0" tests="3" name="Submit Order Test" time="26.794" errors="0" timestamp="2023-11-29T19:32:28 IST">
  <testcase classname="tonystarkindustries.tests.SubmitOrderTest" name="submitOrder" time="4.994"/>
  <testcase classname="tonystarkindustries.tests.SubmitOrderTest" name="submitOrder" time="4.845"/>
  <testcase classname="tonystarkindustries.tests.SubmitOrderTest" name="OrderHistoryTest" time="0.611"/>
</testsuite> <!-- Submit Order Test -->
