<?xml version="1.0" encoding="UTF-8"?>
<testng-results ignored="0" total="1" passed="1" failed="0" skipped="0">
  <reporter-output>
  </reporter-output>
  <suite started-at="2023-11-30T00:08:17 IST" name="Surefire suite" finished-at="2023-11-30T00:08:36 IST" duration-ms="19816">
    <groups>
      <group name="cucumber">
        <method signature="AbstractTestNGCucumberTests.runScenario(io.cucumber.testng.PickleWrapper,io.cucumber.testng.FeatureWrapper)[pri:0, instance:cucumber.TestNGTestRunner@4df50bcc]" name="runScenario" class="io.cucumber.testng.AbstractTestNGCucumberTests"/>
      </group> <!-- cucumber -->
    </groups>
    <test started-at="2023-11-30T00:08:17 IST" name="Surefire test" finished-at="2023-11-30T00:08:36 IST" duration-ms="19816">
      <class name="cucumber.TestNGTestRunner">
        <test-method is-config="true" signature="setUpClass(org.testng.ITestContext)[pri:0, instance:cucumber.TestNGTestRunner@4df50bcc]" started-at="2023-11-30T00:08:17 IST" name="setUpClass" finished-at="2023-11-30T00:08:18 IST" duration-ms="940" status="PASS">
          <params>
            <param index="0">
              <value>
                <![CDATA[org.testng.TestRunner@172f4514]]>
              </value>
            </param>
          </params>
          <reporter-output>
          </reporter-output>
        </test-method> <!-- setUpClass -->
        <test-method signature="runScenario(io.cucumber.testng.PickleWrapper,io.cucumber.testng.FeatureWrapper)[pri:0, instance:cucumber.TestNGTestRunner@4df50bcc]" started-at="2023-11-30T00:08:18 IST" name="runScenario" description="Runs Cucumber Scenarios" data-provider="scenarios" finished-at="2023-11-30T00:08:36 IST" duration-ms="18682" status="PASS">
          <params>
            <param index="0">
              <value>
                <![CDATA["Positive test for submitting the order #Scenario Outline is when a table of parameters are passed"]]>
              </value>
            </param>
            <param index="1">
              <value>
                <![CDATA["Purchase the order from eCommerce website"]]>
              </value>
            </param>
          </params>
          <reporter-output>
          </reporter-output>
        </test-method> <!-- runScenario -->
        <test-method is-config="true" signature="tearDownClass()[pri:0, instance:cucumber.TestNGTestRunner@4df50bcc]" started-at="2023-11-30T00:08:36 IST" name="tearDownClass" finished-at="2023-11-30T00:08:36 IST" duration-ms="111" status="PASS">
          <reporter-output>
          </reporter-output>
        </test-method> <!-- tearDownClass -->
      </class> <!-- cucumber.TestNGTestRunner -->
    </test> <!-- Surefire test -->
  </suite> <!-- Surefire suite -->
</testng-results>
