<?xml version="1.0" encoding="UTF-8"?>
<testng-results ignored="3" total="4" passed="1" failed="0" skipped="0">
  <reporter-output>
  </reporter-output>
  <suite started-at="2023-12-02T16:51:22 IST" name="Suite" finished-at="2023-12-02T16:51:26 IST" duration-ms="4668">
    <groups>
      <group name="ErrorHandling">
        <method signature="ErrorValidationsTest.LoginErrorValidation()[pri:0, instance:tonystarkindustries.tests.ErrorValidationsTest@4f49f6af]" name="LoginErrorValidation" class="tonystarkindustries.tests.ErrorValidationsTest"/>
      </group> <!-- ErrorHandling -->
    </groups>
    <test started-at="2023-12-02T16:51:22 IST" name="Submit Order Test" finished-at="2023-12-02T16:51:22 IST" duration-ms="7">
    </test> <!-- Submit Order Test -->
    <test started-at="2023-12-02T16:51:22 IST" name="Error Validation Test" finished-at="2023-12-02T16:51:26 IST" duration-ms="4375">
      <class name="tonystarkindustries.tests.ErrorValidationsTest">
        <test-method is-config="true" signature="launchApplication()[pri:0, instance:tonystarkindustries.tests.ErrorValidationsTest@4f49f6af]" started-at="2023-12-02T16:51:22 IST" name="launchApplication" finished-at="2023-12-02T16:51:25 IST" duration-ms="3564" status="PASS">
          <reporter-output>
          </reporter-output>
        </test-method> <!-- launchApplication -->
        <test-method signature="LoginErrorValidation()[pri:0, instance:tonystarkindustries.tests.ErrorValidationsTest@4f49f6af]" started-at="2023-12-02T16:51:25 IST" name="LoginErrorValidation" finished-at="2023-12-02T16:51:26 IST" duration-ms="537" status="PASS">
          <reporter-output>
          </reporter-output>
        </test-method> <!-- LoginErrorValidation -->
        <test-method is-config="true" signature="tearDown()[pri:0, instance:tonystarkindustries.tests.ErrorValidationsTest@4f49f6af]" started-at="2023-12-02T16:51:26 IST" name="tearDown" finished-at="2023-12-02T16:51:26 IST" duration-ms="218" status="PASS">
          <reporter-output>
          </reporter-output>
        </test-method> <!-- tearDown -->
      </class> <!-- tonystarkindustries.tests.ErrorValidationsTest -->
    </test> <!-- Error Validation Test -->
  </suite> <!-- Suite -->
</testng-results>
